<?xml version="1.0" encoding="UTF-8"?>
<!-- Generated by org.testng.reporters.JUnitXMLReporter -->
<testsuite ignored="0" hostname="DESKTOP-OG4DKF9" failures="0" tests="12" name="Default test" time="3.496" errors="0" timestamp="2021-11-19T23:10:28 CLST">
  <testcase classname="frameWorkAutomatizacionA_Castro.automatizacion.LoginCorrecto" name="@BeforeTest iniciatizacio" time="3.269">
    <failure type="org.openqa.selenium.SessionNotCreatedException" message="session not created: This version of ChromeDriver only supports Chrome version 93
Current browser version is 96.0.4664.45 with binary path C:\Program Files (x86)\Google\Chrome\Application\chrome.exe
Build info: version: &amp;apos;3.141.59&amp;apos;, revision: &amp;apos;e82be7d358&amp;apos;, time: &amp;apos;2018-11-14T08:17:03&amp;apos;
System info: host: &amp;apos;DESKTOP-OG4DKF9&amp;apos;, ip: &amp;apos;192.168.18.195&amp;apos;, os.name: &amp;apos;Windows 10&amp;apos;, os.arch: &amp;apos;amd64&amp;apos;, os.version: &amp;apos;10.0&amp;apos;, java.version: &amp;apos;16.0.1&amp;apos;
Driver info: driver.version: ChromeDriver
remote stacktrace: Backtrace:
	Ordinal0 [0x0124D403+2479107]
	Ordinal0 [0x011E7D51+2063697]
	Ordinal0 [0x010F20C8+1056968]
	Ordinal0 [0x0111043A+1180730]
	Ordinal0 [0x0110C355+1164117]
	Ordinal0 [0x01109B7F+1153919]
	Ordinal0 [0x01139CBF+1350847]
	Ordinal0 [0x0113992A+1349930]
	Ordinal0 [0x0113583B+1333307]
	Ordinal0 [0x01111F94+1187732]
	Ordinal0 [0x01112DE9+1191401]
	GetHandleVerifier [0x013CF3F6+1531734]
	GetHandleVerifier [0x0147E9AE+2249998]
	GetHandleVerifier [0x012D39AB+501003]
	GetHandleVerifier [0x012D2A29+497033]
	Ordinal0 [0x011ED11D+2085149]
	Ordinal0 [0x011F11C8+2101704]
	Ordinal0 [0x011F1302+2102018]
	Ordinal0 [0x011FAA71+2140785]
	BaseThreadInitThunk [0x76E2FA29+25]
	RtlGetAppContainerNamedObjectPath [0x779F7A7E+286]
	RtlGetAppContainerNamedObjectPath [0x779F7A4E+238]
">
      <![CDATA[org.openqa.selenium.SessionNotCreatedException: session not created: This version of ChromeDriver only supports Chrome version 93
Current browser version is 96.0.4664.45 with binary path C:\Program Files (x86)\Google\Chrome\Application\chrome.exe
Build info: version: '3.141.59', revision: 'e82be7d358', time: '2018-11-14T08:17:03'
System info: host: 'DESKTOP-OG4DKF9', ip: '192.168.18.195', os.name: 'Windows 10', os.arch: 'amd64', os.version: '10.0', java.version: '16.0.1'
Driver info: driver.version: ChromeDriver
remote stacktrace: Backtrace:
Ordinal0 [0x0124D403+2479107]
Ordinal0 [0x011E7D51+2063697]
Ordinal0 [0x010F20C8+1056968]
Ordinal0 [0x0111043A+1180730]
Ordinal0 [0x0110C355+1164117]
Ordinal0 [0x01109B7F+1153919]
Ordinal0 [0x01139CBF+1350847]
Ordinal0 [0x0113992A+1349930]
Ordinal0 [0x0113583B+1333307]
Ordinal0 [0x01111F94+1187732]
Ordinal0 [0x01112DE9+1191401]
GetHandleVerifier [0x013CF3F6+1531734]
GetHandleVerifier [0x0147E9AE+2249998]
GetHandleVerifier [0x012D39AB+501003]
GetHandleVerifier [0x012D2A29+497033]
Ordinal0 [0x011ED11D+2085149]
Ordinal0 [0x011F11C8+2101704]
Ordinal0 [0x011F1302+2102018]
Ordinal0 [0x011FAA71+2140785]
BaseThreadInitThunk [0x76E2FA29+25]
RtlGetAppContainerNamedObjectPath [0x779F7A7E+286]
RtlGetAppContainerNamedObjectPath [0x779F7A4E+238]

at java.base/jdk.internal.reflect.NativeConstructorAccessorImpl.newInstance0(Native Method)
at java.base/jdk.internal.reflect.NativeConstructorAccessorImpl.newInstance(NativeConstructorAccessorImpl.java:78)
at java.base/jdk.internal.reflect.DelegatingConstructorAccessorImpl.newInstance(DelegatingConstructorAccessorImpl.java:45)
at java.base/java.lang.reflect.Constructor.newInstanceWithCaller(Constructor.java:499)
at java.base/java.lang.reflect.Constructor.newInstance(Constructor.java:480)
at org.openqa.selenium.remote.W3CHandshakeResponse.lambda$errorHandler$0(W3CHandshakeResponse.java:62)
at org.openqa.selenium.remote.HandshakeResponse.lambda$getResponseFunction$0(HandshakeResponse.java:30)
at org.openqa.selenium.remote.ProtocolHandshake.lambda$createSession$0(ProtocolHandshake.java:126)
at java.base/java.util.stream.ReferencePipeline$3$1.accept(ReferencePipeline.java:197)
at java.base/java.util.Spliterators$ArraySpliterator.tryAdvance(Spliterators.java:958)
at java.base/java.util.stream.ReferencePipeline.forEachWithCancel(ReferencePipeline.java:129)
at java.base/java.util.stream.AbstractPipeline.copyIntoWithCancel(AbstractPipeline.java:502)
at java.base/java.util.stream.AbstractPipeline.copyInto(AbstractPipeline.java:488)
at java.base/java.util.stream.AbstractPipeline.wrapAndCopyInto(AbstractPipeline.java:474)
at java.base/java.util.stream.FindOps$FindOp.evaluateSequential(FindOps.java:150)
at java.base/java.util.stream.AbstractPipeline.evaluate(AbstractPipeline.java:234)
at java.base/java.util.stream.ReferencePipeline.findFirst(ReferencePipeline.java:647)
at org.openqa.selenium.remote.ProtocolHandshake.createSession(ProtocolHandshake.java:128)
at org.openqa.selenium.remote.ProtocolHandshake.createSession(ProtocolHandshake.java:74)
at org.openqa.selenium.remote.HttpCommandExecutor.execute(HttpCommandExecutor.java:136)
at org.openqa.selenium.remote.service.DriverCommandExecutor.execute(DriverCommandExecutor.java:83)
at org.openqa.selenium.remote.RemoteWebDriver.execute(RemoteWebDriver.java:552)
at org.openqa.selenium.remote.RemoteWebDriver.startSession(RemoteWebDriver.java:213)
at org.openqa.selenium.remote.RemoteWebDriver.<init>(RemoteWebDriver.java:131)
at org.openqa.selenium.chrome.ChromeDriver.<init>(ChromeDriver.java:181)
at org.openqa.selenium.chrome.ChromeDriver.<init>(ChromeDriver.java:168)
at org.openqa.selenium.chrome.ChromeDriver.<init>(ChromeDriver.java:123)
at recursos.Base.InitDriver(Base.java:38)
at frameWorkAutomatizacionA_Castro.automatizacion.LoginCorrecto.iniciatizacio(LoginCorrecto.java:35)
at java.base/jdk.internal.reflect.NativeMethodAccessorImpl.invoke0(Native Method)
at java.base/jdk.internal.reflect.NativeMethodAccessorImpl.invoke(NativeMethodAccessorImpl.java:78)
at java.base/jdk.internal.reflect.DelegatingMethodAccessorImpl.invoke(DelegatingMethodAccessorImpl.java:43)
at java.base/java.lang.reflect.Method.invoke(Method.java:567)
at org.testng.internal.MethodInvocationHelper.invokeMethod(MethodInvocationHelper.java:133)
at org.testng.internal.MethodInvocationHelper.invokeMethodConsideringTimeout(MethodInvocationHelper.java:62)
at org.testng.internal.ConfigInvoker.invokeConfigurationMethod(ConfigInvoker.java:385)
at org.testng.internal.ConfigInvoker.invokeConfigurations(ConfigInvoker.java:321)
at org.testng.TestRunner.invokeTestConfigurations(TestRunner.java:637)
at org.testng.TestRunner.beforeRun(TestRunner.java:627)
at org.testng.TestRunner.run(TestRunner.java:589)
at org.testng.SuiteRunner.runTest(SuiteRunner.java:377)
at org.testng.SuiteRunner.runSequentially(SuiteRunner.java:371)
at org.testng.SuiteRunner.privateRun(SuiteRunner.java:332)
at org.testng.SuiteRunner.run(SuiteRunner.java:276)
at org.testng.SuiteRunnerWorker.runSuite(SuiteRunnerWorker.java:53)
at org.testng.SuiteRunnerWorker.run(SuiteRunnerWorker.java:96)
at org.testng.TestNG.runSuitesSequentially(TestNG.java:1212)
at org.testng.TestNG.runSuitesLocally(TestNG.java:1134)
at org.testng.TestNG.runSuites(TestNG.java:1063)
at org.testng.TestNG.run(TestNG.java:1031)
at org.testng.remote.AbstractRemoteTestNG.run(AbstractRemoteTestNG.java:115)
at org.testng.remote.RemoteTestNG.initAndRun(RemoteTestNG.java:251)
at org.testng.remote.RemoteTestNG.main(RemoteTestNG.java:77)
]]>
    </failure>
  </testcase> <!-- @BeforeTest iniciatizacio -->
  <testcase classname="frameWorkAutomatizacionA_Castro.automatizacion.LoginCorrecto" name="Navegacion_Pag_Trello" time="0.0">
    <skipped/>
  </testcase> <!-- Navegacion_Pag_Trello -->
  <testcase classname="frameWorkAutomatizacionA_Castro.automatizacion.LoginCorrecto" name="crearTablero" time="0.0">
    <skipped/>
  </testcase> <!-- crearTablero -->
  <testcase classname="frameWorkAutomatizacionA_Castro.automatizacion.LoginCorrecto" name="crearlista" time="0.0">
    <skipped/>
  </testcase> <!-- crearlista -->
  <testcase classname="frameWorkAutomatizacionA_Castro.automatizacion.LoginCorrecto" name="agregarTarjeta" time="0.0">
    <skipped/>
  </testcase> <!-- agregarTarjeta -->
  <testcase classname="frameWorkAutomatizacionA_Castro.automatizacion.LoginCorrecto" name="agregarPropiedades" time="0.0">
    <skipped/>
  </testcase> <!-- agregarPropiedades -->
  <testcase classname="frameWorkAutomatizacionA_Castro.automatizacion.LoginCorrecto" name="addDescripTarj" time="0.0">
    <skipped/>
  </testcase> <!-- addDescripTarj -->
  <testcase classname="frameWorkAutomatizacionA_Castro.automatizacion.LoginCorrecto" name="addEtiqueta" time="0.0">
    <skipped/>
  </testcase> <!-- addEtiqueta -->
  <testcase classname="frameWorkAutomatizacionA_Castro.automatizacion.LoginCorrecto" name="selectdate" time="0.0">
    <skipped/>
  </testcase> <!-- selectdate -->
  <testcase classname="frameWorkAutomatizacionA_Castro.automatizacion.LoginCorrecto" name="adjuntarImagen" time="0.0">
    <skipped/>
  </testcase> <!-- adjuntarImagen -->
  <testcase classname="frameWorkAutomatizacionA_Castro.automatizacion.LoginCorrecto" name="addComentario" time="0.0">
    <skipped/>
  </testcase> <!-- addComentario -->
  <testcase classname="frameWorkAutomatizacionA_Castro.automatizacion.LoginCorrecto" name="moverTarjeta" time="0.0">
    <skipped/>
  </testcase> <!-- moverTarjeta -->
  <testcase classname="frameWorkAutomatizacionA_Castro.automatizacion.LoginCorrecto" name="eliminarTablero" time="0.0">
    <skipped/>
  </testcase> <!-- eliminarTablero -->
</testsuite> <!-- Default test -->
