<?xml version="1.0" encoding="UTF-8"?>
<!-- Generated by org.testng.reporters.JUnitReportReporter -->
<testsuite hostname="DESKTOP-OG4DKF9" failures="0" tests="3" name="frameWorkAutomatizacionA_Castro.automatizacion.LoginIncorrecto" time="2.284" errors="1" timestamp="2021-11-18T19:43:32 CLST" skipped="2">
  <testcase classname="frameWorkAutomatizacionA_Castro.automatizacion.LoginIncorrecto" name="obtenerValidacion" time="0.000">
    <skipped/>
  </testcase> <!-- obtenerValidacion -->
  <system-out/>
  <testcase classname="frameWorkAutomatizacionA_Castro.automatizacion.LoginIncorrecto" name="BaseNavegacionPag" time="0.000">
    <skipped/>
  </testcase> <!-- BaseNavegacionPag -->
  <system-out/>
  <testcase classname="frameWorkAutomatizacionA_Castro.automatizacion.LoginIncorrecto" name="iniciatizacio" time="2.284">
    <error message="session not created: This version of ChromeDriver only supports Chrome version 95
Current browser version is 93.0.4577.63 with binary path C:\Program Files (x86)\Google\Chrome\Application\chrome.exe
Build info: version: &#039;3.141.59&#039;, revision: &#039;e82be7d358&#039;, time: &#039;2018-11-14T08:17:03&#039;
System info: host: &#039;DESKTOP-OG4DKF9&#039;, ip: &#039;192.168.18.195&#039;, os.name: &#039;Windows 10&#039;, os.arch: &#039;amd64&#039;, os.version: &#039;10.0&#039;, java.version: &#039;16.0.1&#039;
Driver info: driver.version: ChromeDriver
remote stacktrace: Backtrace:
	Ordinal0 [0x00600C43+2493507]
	Ordinal0 [0x0059A4B1+2073777]
	Ordinal0 [0x004A2608+1058312]
	Ordinal0 [0x004C0771+1181553]
	Ordinal0 [0x004BC57B+1164667]
	Ordinal0 [0x004B9DCF+1154511]
	Ordinal0 [0x004E9F0F+1351439]
	Ordinal0 [0x004E9B7A+1350522]
	Ordinal0 [0x004E580B+1333259]
	Ordinal0 [0x004C2314+1188628]
	Ordinal0 [0x004C316F+1192303]
	GetHandleVerifier [0x00787BF6+1548950]
	GetHandleVerifier [0x0083461C+2256060]
	GetHandleVerifier [0x0068C13B+518107]
	GetHandleVerifier [0x0068B1E0+514176]
	Ordinal0 [0x0059F53D+2094397]
	Ordinal0 [0x005A3418+2110488]
	Ordinal0 [0x005A3552+2110802]
	Ordinal0 [0x005ACE81+2150017]
	BaseThreadInitThunk [0x7675FA29+25]
	RtlGetAppContainerNamedObjectPath [0x77C37A7E+286]
	RtlGetAppContainerNamedObjectPath [0x77C37A4E+238]
" type="org.openqa.selenium.SessionNotCreatedException">
      <![CDATA[org.openqa.selenium.SessionNotCreatedException: session not created: This version of ChromeDriver only supports Chrome version 95
Current browser version is 93.0.4577.63 with binary path C:\Program Files (x86)\Google\Chrome\Application\chrome.exe
Build info: version: '3.141.59', revision: 'e82be7d358', time: '2018-11-14T08:17:03'
System info: host: 'DESKTOP-OG4DKF9', ip: '192.168.18.195', os.name: 'Windows 10', os.arch: 'amd64', os.version: '10.0', java.version: '16.0.1'
Driver info: driver.version: ChromeDriver
remote stacktrace: Backtrace:
Ordinal0 [0x00600C43+2493507]
Ordinal0 [0x0059A4B1+2073777]
Ordinal0 [0x004A2608+1058312]
Ordinal0 [0x004C0771+1181553]
Ordinal0 [0x004BC57B+1164667]
Ordinal0 [0x004B9DCF+1154511]
Ordinal0 [0x004E9F0F+1351439]
Ordinal0 [0x004E9B7A+1350522]
Ordinal0 [0x004E580B+1333259]
Ordinal0 [0x004C2314+1188628]
Ordinal0 [0x004C316F+1192303]
GetHandleVerifier [0x00787BF6+1548950]
GetHandleVerifier [0x0083461C+2256060]
GetHandleVerifier [0x0068C13B+518107]
GetHandleVerifier [0x0068B1E0+514176]
Ordinal0 [0x0059F53D+2094397]
Ordinal0 [0x005A3418+2110488]
Ordinal0 [0x005A3552+2110802]
Ordinal0 [0x005ACE81+2150017]
BaseThreadInitThunk [0x7675FA29+25]
RtlGetAppContainerNamedObjectPath [0x77C37A7E+286]
RtlGetAppContainerNamedObjectPath [0x77C37A4E+238]

at java.base/jdk.internal.reflect.NativeConstructorAccessorImpl.newInstance0(Native Method)
at java.base/jdk.internal.reflect.NativeConstructorAccessorImpl.newInstance(NativeConstructorAccessorImpl.java:78)
at java.base/jdk.internal.reflect.DelegatingConstructorAccessorImpl.newInstance(DelegatingConstructorAccessorImpl.java:45)
at java.base/java.lang.reflect.Constructor.newInstanceWithCaller(Constructor.java:499)
at java.base/java.lang.reflect.Constructor.newInstance(Constructor.java:480)
at org.openqa.selenium.remote.W3CHandshakeResponse.lambda$errorHandler$0(W3CHandshakeResponse.java:62)
at org.openqa.selenium.remote.HandshakeResponse.lambda$getResponseFunction$0(HandshakeResponse.java:30)
at org.openqa.selenium.remote.ProtocolHandshake.lambda$createSession$0(ProtocolHandshake.java:126)
at java.base/java.util.stream.ReferencePipeline$3$1.accept(ReferencePipeline.java:197)
at java.base/java.util.Spliterators$ArraySpliterator.tryAdvance(Spliterators.java:958)
at java.base/java.util.stream.ReferencePipeline.forEachWithCancel(ReferencePipeline.java:129)
at java.base/java.util.stream.AbstractPipeline.copyIntoWithCancel(AbstractPipeline.java:502)
at java.base/java.util.stream.AbstractPipeline.copyInto(AbstractPipeline.java:488)
at java.base/java.util.stream.AbstractPipeline.wrapAndCopyInto(AbstractPipeline.java:474)
at java.base/java.util.stream.FindOps$FindOp.evaluateSequential(FindOps.java:150)
at java.base/java.util.stream.AbstractPipeline.evaluate(AbstractPipeline.java:234)
at java.base/java.util.stream.ReferencePipeline.findFirst(ReferencePipeline.java:647)
at org.openqa.selenium.remote.ProtocolHandshake.createSession(ProtocolHandshake.java:128)
at org.openqa.selenium.remote.ProtocolHandshake.createSession(ProtocolHandshake.java:74)
at org.openqa.selenium.remote.HttpCommandExecutor.execute(HttpCommandExecutor.java:136)
at org.openqa.selenium.remote.service.DriverCommandExecutor.execute(DriverCommandExecutor.java:83)
at org.openqa.selenium.remote.RemoteWebDriver.execute(RemoteWebDriver.java:552)
at org.openqa.selenium.remote.RemoteWebDriver.startSession(RemoteWebDriver.java:213)
at org.openqa.selenium.remote.RemoteWebDriver.<init>(RemoteWebDriver.java:131)
at org.openqa.selenium.chrome.ChromeDriver.<init>(ChromeDriver.java:181)
at org.openqa.selenium.chrome.ChromeDriver.<init>(ChromeDriver.java:168)
at org.openqa.selenium.chrome.ChromeDriver.<init>(ChromeDriver.java:123)
at recursos.Base.InitDriver(Base.java:35)
at frameWorkAutomatizacionA_Castro.automatizacion.LoginIncorrecto.iniciatizacio(LoginIncorrecto.java:39)
at java.base/jdk.internal.reflect.NativeMethodAccessorImpl.invoke0(Native Method)
at java.base/jdk.internal.reflect.NativeMethodAccessorImpl.invoke(NativeMethodAccessorImpl.java:78)
at java.base/jdk.internal.reflect.DelegatingMethodAccessorImpl.invoke(DelegatingMethodAccessorImpl.java:43)
at java.base/java.lang.reflect.Method.invoke(Method.java:567)
at org.testng.internal.MethodInvocationHelper.invokeMethod(MethodInvocationHelper.java:133)
at org.testng.internal.MethodInvocationHelper.invokeMethodConsideringTimeout(MethodInvocationHelper.java:62)
at org.testng.internal.ConfigInvoker.invokeConfigurationMethod(ConfigInvoker.java:385)
at org.testng.internal.ConfigInvoker.invokeConfigurations(ConfigInvoker.java:321)
at org.testng.TestRunner.invokeTestConfigurations(TestRunner.java:637)
at org.testng.TestRunner.beforeRun(TestRunner.java:627)
at org.testng.TestRunner.run(TestRunner.java:589)
at org.testng.SuiteRunner.runTest(SuiteRunner.java:377)
at org.testng.SuiteRunner.runSequentially(SuiteRunner.java:371)
at org.testng.SuiteRunner.privateRun(SuiteRunner.java:332)
at org.testng.SuiteRunner.run(SuiteRunner.java:276)
at org.testng.SuiteRunnerWorker.runSuite(SuiteRunnerWorker.java:53)
at org.testng.SuiteRunnerWorker.run(SuiteRunnerWorker.java:96)
at org.testng.TestNG.runSuitesSequentially(TestNG.java:1212)
at org.testng.TestNG.runSuitesLocally(TestNG.java:1134)
at org.testng.TestNG.runSuites(TestNG.java:1063)
at org.testng.TestNG.run(TestNG.java:1031)
at org.testng.remote.AbstractRemoteTestNG.run(AbstractRemoteTestNG.java:115)
at org.testng.remote.RemoteTestNG.initAndRun(RemoteTestNG.java:251)
at org.testng.remote.RemoteTestNG.main(RemoteTestNG.java:77)
]]>
    </error>
  </testcase> <!-- iniciatizacio -->
  <system-out/>
</testsuite> <!-- frameWorkAutomatizacionA_Castro.automatizacion.LoginIncorrecto -->
