<?xml version="1.0" encoding="UTF-8"?>
<!-- Generated by org.testng.reporters.JUnitXMLReporter -->
<testsuite ignored="0" hostname="DESKTOP-OG4DKF9" failures="0" tests="2" name="Test login incorrecto" time="2.333" errors="0" timestamp="2021-11-18T19:43:32 CLST">
  <testcase classname="frameWorkAutomatizacionA_Castro.automatizacion.LoginIncorrecto" name="@BeforeTest iniciatizacio" time="2.284">
    <failure type="org.openqa.selenium.SessionNotCreatedException" message="session not created: This version of ChromeDriver only supports Chrome version 95
Current browser version is 93.0.4577.63 with binary path C:\Program Files (x86)\Google\Chrome\Application\chrome.exe
Build info: version: &amp;apos;3.141.59&amp;apos;, revision: &amp;apos;e82be7d358&amp;apos;, time: &amp;apos;2018-11-14T08:17:03&amp;apos;
System info: host: &amp;apos;DESKTOP-OG4DKF9&amp;apos;, ip: &amp;apos;192.168.18.195&amp;apos;, os.name: &amp;apos;Windows 10&amp;apos;, os.arch: &amp;apos;amd64&amp;apos;, os.version: &amp;apos;10.0&amp;apos;, java.version: &amp;apos;16.0.1&amp;apos;
Driver info: driver.version: ChromeDriver
remote stacktrace: Backtrace:
	Ordinal0 [0x00600C43+2493507]
	Ordinal0 [0x0059A4B1+2073777]
	Ordinal0 [0x004A2608+1058312]
	Ordinal0 [0x004C0771+1181553]
	Ordinal0 [0x004BC57B+1164667]
	Ordinal0 [0x004B9DCF+1154511]
	Ordinal0 [0x004E9F0F+1351439]
	Ordinal0 [0x004E9B7A+1350522]
	Ordinal0 [0x004E580B+1333259]
	Ordinal0 [0x004C2314+1188628]
	Ordinal0 [0x004C316F+1192303]
	GetHandleVerifier [0x00787BF6+1548950]
	GetHandleVerifier [0x0083461C+2256060]
	GetHandleVerifier [0x0068C13B+518107]
	GetHandleVerifier [0x0068B1E0+514176]
	Ordinal0 [0x0059F53D+2094397]
	Ordinal0 [0x005A3418+2110488]
	Ordinal0 [0x005A3552+2110802]
	Ordinal0 [0x005ACE81+2150017]
	BaseThreadInitThunk [0x7675FA29+25]
	RtlGetAppContainerNamedObjectPath [0x77C37A7E+286]
	RtlGetAppContainerNamedObjectPath [0x77C37A4E+238]
">
      <![CDATA[org.openqa.selenium.SessionNotCreatedException: session not created: This version of ChromeDriver only supports Chrome version 95
Current browser version is 93.0.4577.63 with binary path C:\Program Files (x86)\Google\Chrome\Application\chrome.exe
Build info: version: '3.141.59', revision: 'e82be7d358', time: '2018-11-14T08:17:03'
System info: host: 'DESKTOP-OG4DKF9', ip: '192.168.18.195', os.name: 'Windows 10', os.arch: 'amd64', os.version: '10.0', java.version: '16.0.1'
Driver info: driver.version: ChromeDriver
remote stacktrace: Backtrace:
Ordinal0 [0x00600C43+2493507]
Ordinal0 [0x0059A4B1+2073777]
Ordinal0 [0x004A2608+1058312]
Ordinal0 [0x004C0771+1181553]
Ordinal0 [0x004BC57B+1164667]
Ordinal0 [0x004B9DCF+1154511]
Ordinal0 [0x004E9F0F+1351439]
Ordinal0 [0x004E9B7A+1350522]
Ordinal0 [0x004E580B+1333259]
Ordinal0 [0x004C2314+1188628]
Ordinal0 [0x004C316F+1192303]
GetHandleVerifier [0x00787BF6+1548950]
GetHandleVerifier [0x0083461C+2256060]
GetHandleVerifier [0x0068C13B+518107]
GetHandleVerifier [0x0068B1E0+514176]
Ordinal0 [0x0059F53D+2094397]
Ordinal0 [0x005A3418+2110488]
Ordinal0 [0x005A3552+2110802]
Ordinal0 [0x005ACE81+2150017]
BaseThreadInitThunk [0x7675FA29+25]
RtlGetAppContainerNamedObjectPath [0x77C37A7E+286]
RtlGetAppContainerNamedObjectPath [0x77C37A4E+238]

at org.openqa.selenium.remote.W3CHandshakeResponse.lambda$errorHandler$0(W3CHandshakeResponse.java:62)
at org.openqa.selenium.remote.HandshakeResponse.lambda$getResponseFunction$0(HandshakeResponse.java:30)
at org.openqa.selenium.remote.ProtocolHandshake.lambda$createSession$0(ProtocolHandshake.java:126)
at java.base/java.util.stream.ReferencePipeline$3$1.accept(ReferencePipeline.java:197)
at java.base/java.util.Spliterators$ArraySpliterator.tryAdvance(Spliterators.java:958)
at java.base/java.util.stream.ReferencePipeline.forEachWithCancel(ReferencePipeline.java:129)
at java.base/java.util.stream.AbstractPipeline.copyIntoWithCancel(AbstractPipeline.java:502)
at java.base/java.util.stream.AbstractPipeline.copyInto(AbstractPipeline.java:488)
at java.base/java.util.stream.AbstractPipeline.wrapAndCopyInto(AbstractPipeline.java:474)
at java.base/java.util.stream.FindOps$FindOp.evaluateSequential(FindOps.java:150)
at java.base/java.util.stream.AbstractPipeline.evaluate(AbstractPipeline.java:234)
at java.base/java.util.stream.ReferencePipeline.findFirst(ReferencePipeline.java:647)
at org.openqa.selenium.remote.ProtocolHandshake.createSession(ProtocolHandshake.java:128)
at org.openqa.selenium.remote.ProtocolHandshake.createSession(ProtocolHandshake.java:74)
at org.openqa.selenium.remote.HttpCommandExecutor.execute(HttpCommandExecutor.java:136)
at org.openqa.selenium.remote.service.DriverCommandExecutor.execute(DriverCommandExecutor.java:83)
at org.openqa.selenium.remote.RemoteWebDriver.execute(RemoteWebDriver.java:552)
at org.openqa.selenium.remote.RemoteWebDriver.startSession(RemoteWebDriver.java:213)
at org.openqa.selenium.remote.RemoteWebDriver.<init>(RemoteWebDriver.java:131)
at org.openqa.selenium.chrome.ChromeDriver.<init>(ChromeDriver.java:181)
at org.openqa.selenium.chrome.ChromeDriver.<init>(ChromeDriver.java:168)
at org.openqa.selenium.chrome.ChromeDriver.<init>(ChromeDriver.java:123)
at recursos.Base.InitDriver(Base.java:35)
at frameWorkAutomatizacionA_Castro.automatizacion.LoginIncorrecto.iniciatizacio(LoginIncorrecto.java:39)
... Removed 29 stack frames]]>
    </failure>
  </testcase> <!-- @BeforeTest iniciatizacio -->
  <testcase classname="frameWorkAutomatizacionA_Castro.automatizacion.LoginIncorrecto" name="BaseNavegacionPag" time="0.0">
    <skipped/>
  </testcase> <!-- BaseNavegacionPag -->
  <testcase classname="frameWorkAutomatizacionA_Castro.automatizacion.LoginIncorrecto" name="obtenerValidacion" time="0.0">
    <skipped/>
  </testcase> <!-- obtenerValidacion -->
</testsuite> <!-- Test login incorrecto -->
