<?xml version="1.0" encoding="UTF-8"?>
<!-- Generated by org.testng.reporters.JUnitXMLReporter -->
<testsuite ignored="0" hostname="DESKTOP-OG4DKF9" failures="1" tests="12" name="Test login correcto" time="114.762" errors="0" timestamp="2021-11-27T09:01:40 CLST">
  <testcase classname="frameWorkAutomatizacionA_Castro.automatizacion.LoginCorrecto" name="Navegacion_Pag_Trello" time="5.24"/>
  <testcase classname="frameWorkAutomatizacionA_Castro.automatizacion.LoginCorrecto" name="crearTablero" time="16.092"/>
  <testcase classname="frameWorkAutomatizacionA_Castro.automatizacion.LoginCorrecto" name="crearlista" time="6.419"/>
  <testcase classname="frameWorkAutomatizacionA_Castro.automatizacion.LoginCorrecto" name="agregarTarjeta" time="3.552"/>
  <testcase classname="frameWorkAutomatizacionA_Castro.automatizacion.LoginCorrecto" name="agregarPropiedades" time="3.165"/>
  <testcase classname="frameWorkAutomatizacionA_Castro.automatizacion.LoginCorrecto" name="addDescripTarj" time="0.548"/>
  <testcase classname="frameWorkAutomatizacionA_Castro.automatizacion.LoginCorrecto" name="addEtiqueta" time="0.404"/>
  <testcase classname="frameWorkAutomatizacionA_Castro.automatizacion.LoginCorrecto" name="selectdate" time="20.52"/>
  <testcase classname="frameWorkAutomatizacionA_Castro.automatizacion.LoginCorrecto" name="adjuntarImagen" time="1.005"/>
  <testcase classname="frameWorkAutomatizacionA_Castro.automatizacion.LoginCorrecto" name="addComentario" time="1.098"/>
  <testcase classname="frameWorkAutomatizacionA_Castro.automatizacion.LoginCorrecto" name="moverTarjeta" time="0.422"/>
  <testcase classname="frameWorkAutomatizacionA_Castro.automatizacion.LoginCorrecto" name="eliminarTablero" time="21.259">
    <failure type="org.openqa.selenium.NoSuchElementException" message="no such element: Unable to locate element: {&amp;quot;method&amp;quot;:&amp;quot;xpath&amp;quot;,&amp;quot;selector&amp;quot;:&amp;quot;/html/body/div[4]/div/section/div/button&amp;quot;}
  (Session info: chrome=96.0.4664.45)
For documentation on this error, please visit: https://www.seleniumhq.org/exceptions/no_such_element.html
Build info: version: &amp;apos;3.141.59&amp;apos;, revision: &amp;apos;e82be7d358&amp;apos;, time: &amp;apos;2018-11-14T08:17:03&amp;apos;
System info: host: &amp;apos;DESKTOP-OG4DKF9&amp;apos;, ip: &amp;apos;172.25.240.1&amp;apos;, os.name: &amp;apos;Windows 10&amp;apos;, os.arch: &amp;apos;amd64&amp;apos;, os.version: &amp;apos;10.0&amp;apos;, java.version: &amp;apos;16.0.1&amp;apos;
Driver info: org.openqa.selenium.chrome.ChromeDriver
Capabilities {acceptInsecureCerts: false, browserName: chrome, browserVersion: 96.0.4664.45, chrome: {chromedriverVersion: 96.0.4664.45 (76e4c1bb2ab46..., userDataDir: C:\Users\Kevin\AppData\Loca...}, goog:chromeOptions: {debuggerAddress: localhost:64781}, javascriptEnabled: true, networkConnectionEnabled: false, pageLoadStrategy: normal, platform: WINDOWS, platformName: WINDOWS, proxy: Proxy(), setWindowRect: true, strictFileInteractability: false, timeouts: {implicit: 0, pageLoad: 300000, script: 30000}, unhandledPromptBehavior: dismiss and notify, webauthn:extension:credBlob: true, webauthn:extension:largeBlob: true, webauthn:virtualAuthenticators: true}
Session ID: 2aa266abc1123b5cb74dfef3b7dec88f
*** Element info: {Using=xpath, value=/html/body/div[4]/div/section/div/button}">
      <![CDATA[org.openqa.selenium.NoSuchElementException: no such element: Unable to locate element: {"method":"xpath","selector":"/html/body/div[4]/div/section/div/button"}
  (Session info: chrome=96.0.4664.45)
For documentation on this error, please visit: https://www.seleniumhq.org/exceptions/no_such_element.html
Build info: version: '3.141.59', revision: 'e82be7d358', time: '2018-11-14T08:17:03'
System info: host: 'DESKTOP-OG4DKF9', ip: '172.25.240.1', os.name: 'Windows 10', os.arch: 'amd64', os.version: '10.0', java.version: '16.0.1'
Driver info: org.openqa.selenium.chrome.ChromeDriver
Capabilities {acceptInsecureCerts: false, browserName: chrome, browserVersion: 96.0.4664.45, chrome: {chromedriverVersion: 96.0.4664.45 (76e4c1bb2ab46..., userDataDir: C:\Users\Kevin\AppData\Loca...}, goog:chromeOptions: {debuggerAddress: localhost:64781}, javascriptEnabled: true, networkConnectionEnabled: false, pageLoadStrategy: normal, platform: WINDOWS, platformName: WINDOWS, proxy: Proxy(), setWindowRect: true, strictFileInteractability: false, timeouts: {implicit: 0, pageLoad: 300000, script: 30000}, unhandledPromptBehavior: dismiss and notify, webauthn:extension:credBlob: true, webauthn:extension:largeBlob: true, webauthn:virtualAuthenticators: true}
Session ID: 2aa266abc1123b5cb74dfef3b7dec88f
*** Element info: {Using=xpath, value=/html/body/div[4]/div/section/div/button}
at org.openqa.selenium.remote.http.W3CHttpResponseCodec.createException(W3CHttpResponseCodec.java:187)
at org.openqa.selenium.remote.http.W3CHttpResponseCodec.decode(W3CHttpResponseCodec.java:122)
at org.openqa.selenium.remote.http.W3CHttpResponseCodec.decode(W3CHttpResponseCodec.java:49)
at org.openqa.selenium.remote.HttpCommandExecutor.execute(HttpCommandExecutor.java:158)
at org.openqa.selenium.remote.service.DriverCommandExecutor.execute(DriverCommandExecutor.java:83)
at org.openqa.selenium.remote.RemoteWebDriver.execute(RemoteWebDriver.java:552)
at org.openqa.selenium.remote.RemoteWebDriver.findElement(RemoteWebDriver.java:323)
at org.openqa.selenium.remote.RemoteWebDriver.findElementByXPath(RemoteWebDriver.java:428)
at org.openqa.selenium.By$ByXPath.findElement(By.java:353)
at org.openqa.selenium.remote.RemoteWebDriver.findElement(RemoteWebDriver.java:315)
at pageObjects.Login.confirEliminar(Login.java:303)
at frameWorkAutomatizacionA_Castro.automatizacion.LoginCorrecto.eliminarTablero(LoginCorrecto.java:275)
at java.base/java.util.ArrayList.forEach(ArrayList.java:1511)
... Removed 32 stack frames]]>
    </failure>
  </testcase> <!-- eliminarTablero -->
</testsuite> <!-- Test login correcto -->
